<?xml version="1.0" encoding="UTF-8"?>
<Site BuildName="Linux-c++"
	BuildStamp="20241022-2251-Experimental"
	Name="codespaces-08f909"
	Generator="ctest-3.16.3"
	CompilerName="/usr/bin/c++"
	CompilerVersion=""
	OSName="Linux"
	Hostname="codespaces-08f909"
	OSRelease="6.5.0-1025-azure"
	OSVersion="#26~22.04.1-Ubuntu SMP Thu Jul 11 22:33:04 UTC 2024"
	OSPlatform="x86_64"
	Is64Bits="1"
	VendorString="AuthenticAMD"
	VendorID="Advanced Micro Devices"
	FamilyID="25"
	ModelID="1"
	ProcessorCacheSize="512"
	NumberOfLogicalCPU="2"
	NumberOfPhysicalCPU="1"
	TotalVirtualMemory="0"
	TotalPhysicalMemory="7929"
	LogicalProcessorsPerPhysical="2"
	ProcessorClockFrequency="3244.04"
	>
	<Testing>
		<StartDateTime>Oct 22 23:06 UTC</StartDateTime>
		<StartTestTime>1729638363</StartTestTime>
		<TestList/>
		<EndDateTime>Oct 22 23:06 UTC</EndDateTime>
		<EndTestTime>1729638363</EndTestTime>
		<ElapsedMinutes>0</ElapsedMinutes>
	</Testing>
</Site>
